bot.py:68 #INFO     [2022-11-25 15:43:52,684] - __main__ - Starting bot
base.py:444 #INFO     [2022-11-25 15:43:52,807] - apscheduler.scheduler - Adding job tentatively -- it will be properly scheduled when the scheduler starts
base.py:444 #INFO     [2022-11-25 15:43:52,807] - apscheduler.scheduler - Adding job tentatively -- it will be properly scheduled when the scheduler starts
base.py:885 #INFO     [2022-11-25 15:43:52,810] - apscheduler.scheduler - Added job "reset_reports" to job store "default"
base.py:885 #INFO     [2022-11-25 15:43:52,810] - apscheduler.scheduler - Added job "del_today_messages" to job store "default"
base.py:171 #INFO     [2022-11-25 15:43:52,810] - apscheduler.scheduler - Scheduler started
executor.py:362 #INFO     [2022-11-25 15:43:52,838] - aiogram - Bot: –ê–Ω–æ–Ω–∏–º–Ω—ã–π –ß–∞—Ç üêù [@waspchatbot]
dispatcher.py:358 #INFO     [2022-11-25 15:43:52,839] - aiogram.dispatcher.dispatcher - Start polling.
base_events.py:1707 #ERROR    [2022-11-25 15:43:52,898] - asyncio - Task exception was never retrieved
future: <Task finished name='Task-10' coro=<Dispatcher._process_polling_updates() done, defined at /root/snap/work_directory/kirilichikbotgavna/tgbot_template/venv/lib/python3.8/site-packages/aiogram/dispatcher/dispatcher.py:407> exception=KeyError(5531158167)>
Traceback (most recent call last):
  File "/root/snap/work_directory/kirilichikbotgavna/tgbot_template/venv/lib/python3.8/site-packages/aiogram/dispatcher/dispatcher.py", line 415, in _process_polling_updates
    for responses in itertools.chain.from_iterable(await self.process_updates(updates, fast)):
  File "/root/snap/work_directory/kirilichikbotgavna/tgbot_template/venv/lib/python3.8/site-packages/aiogram/dispatcher/dispatcher.py", line 235, in process_updates
    return await asyncio.gather(*tasks)
  File "/root/snap/work_directory/kirilichikbotgavna/tgbot_template/venv/lib/python3.8/site-packages/aiogram/dispatcher/handler.py", line 100, in notify
    await self.dispatcher.middleware.trigger(f"pre_process_{self.middleware_key}", args + (data,))
  File "/root/snap/work_directory/kirilichikbotgavna/tgbot_template/venv/lib/python3.8/site-packages/aiogram/dispatcher/middlewares.py", line 53, in trigger
    await app.trigger(action, args)
  File "/root/snap/work_directory/kirilichikbotgavna/tgbot_template/venv/lib/python3.8/site-packages/aiogram/dispatcher/middlewares.py", line 106, in trigger
    await handler(*args)
  File "/root/snap/work_directory/kirilichikbotgavna/tgbot_template/tgbot/middlewares/throttling.py", line 40, in on_pre_process_update
    await estimate_companion(update.callback_query, None, call_data.split(':')[1])
  File "/root/snap/work_directory/kirilichikbotgavna/tgbot_template/tgbot/handlers/anonym_chat.py", line 246, in estimate_companion
    bot[message.from_user.id]['is_react_companion'] = True
  File "/root/snap/work_directory/kirilichikbotgavna/tgbot_template/venv/lib/python3.8/site-packages/aiogram/utils/mixins.py", line 17, in __getitem__
    return self.data[item]
KeyError: 5531158167
base_events.py:1707 #ERROR    [2022-11-25 15:43:53,825] - asyncio - Task exception was never retrieved
future: <Task finished name='Task-39' coro=<Dispatcher._process_polling_updates() done, defined at /root/snap/work_directory/kirilichikbotgavna/tgbot_template/venv/lib/python3.8/site-packages/aiogram/dispatcher/dispatcher.py:407> exception=KeyError(5080267709)>
Traceback (most recent call last):
  File "/root/snap/work_directory/kirilichikbotgavna/tgbot_template/venv/lib/python3.8/site-packages/aiogram/dispatcher/dispatcher.py", line 415, in _process_polling_updates
    for responses in itertools.chain.from_iterable(await self.process_updates(updates, fast)):
  File "/root/snap/work_directory/kirilichikbotgavna/tgbot_template/venv/lib/python3.8/site-packages/aiogram/dispatcher/dispatcher.py", line 235, in process_updates
    return await asyncio.gather(*tasks)
  File "/root/snap/work_directory/kirilichikbotgavna/tgbot_template/venv/lib/python3.8/site-packages/aiogram/dispatcher/handler.py", line 100, in notify
    await self.dispatcher.middleware.trigger(f"pre_process_{self.middleware_key}", args + (data,))
  File "/root/snap/work_directory/kirilichikbotgavna/tgbot_template/venv/lib/python3.8/site-packages/aiogram/dispatcher/middlewares.py", line 53, in trigger
    await app.trigger(action, args)
  File "/root/snap/work_directory/kirilichikbotgavna/tgbot_template/venv/lib/python3.8/site-packages/aiogram/dispatcher/middlewares.py", line 106, in trigger
    await handler(*args)
  File "/root/snap/work_directory/kirilichikbotgavna/tgbot_template/tgbot/middlewares/throttling.py", line 40, in on_pre_process_update
    await estimate_companion(update.callback_query, None, call_data.split(':')[1])
  File "/root/snap/work_directory/kirilichikbotgavna/tgbot_template/tgbot/handlers/anonym_chat.py", line 237, in estimate_companion
    bot[message.from_user.id]['is_react_companion'] = True
  File "/root/snap/work_directory/kirilichikbotgavna/tgbot_template/venv/lib/python3.8/site-packages/aiogram/utils/mixins.py", line 17, in __getitem__
    return self.data[item]
KeyError: 5080267709
base_events.py:1707 #ERROR    [2022-11-25 15:44:25,596] - asyncio - Task exception was never retrieved
future: <Task finished name='Task-252' coro=<Dispatcher._process_polling_updates() done, defined at /root/snap/work_directory/kirilichikbotgavna/tgbot_template/venv/lib/python3.8/site-packages/aiogram/dispatcher/dispatcher.py:407> exception=ValueError("invalid literal for int() with base 10: 'fsm:5531158167:5531158167:bucket'")>
Traceback (most recent call last):
  File "/root/snap/work_directory/kirilichikbotgavna/tgbot_template/venv/lib/python3.8/site-packages/aiogram/dispatcher/dispatcher.py", line 415, in _process_polling_updates
    for responses in itertools.chain.from_iterable(await self.process_updates(updates, fast)):
  File "/root/snap/work_directory/kirilichikbotgavna/tgbot_template/venv/lib/python3.8/site-packages/aiogram/dispatcher/dispatcher.py", line 235, in process_updates
    return await asyncio.gather(*tasks)
  File "/root/snap/work_directory/kirilichikbotgavna/tgbot_template/venv/lib/python3.8/site-packages/aiogram/dispatcher/handler.py", line 116, in notify
    response = await handler_obj.handler(*args, **partial_data)
  File "/root/snap/work_directory/kirilichikbotgavna/tgbot_template/venv/lib/python3.8/site-packages/aiogram/dispatcher/dispatcher.py", line 256, in process_update
    return await self.message_handlers.notify(update.message)
  File "/root/snap/work_directory/kirilichikbotgavna/tgbot_template/venv/lib/python3.8/site-packages/aiogram/dispatcher/handler.py", line 116, in notify
    response = await handler_obj.handler(*args, **partial_data)
  File "/root/snap/work_directory/kirilichikbotgavna/tgbot_template/tgbot/handlers/admin.py", line 111, in stats
    user = await data.get_user_anonchat_profile(int(user_id))
ValueError: invalid literal for int() with base 10: 'fsm:5531158167:5531158167:bucket'
base_events.py:1707 #ERROR    [2022-11-25 15:44:26,274] - asyncio - Task exception was never retrieved
future: <Task finished name='Task-277' coro=<Dispatcher._process_polling_updates() done, defined at /root/snap/work_directory/kirilichikbotgavna/tgbot_template/venv/lib/python3.8/site-packages/aiogram/dispatcher/dispatcher.py:407> exception=KeyError(5080267709)>
Traceback (most recent call last):
  File "/root/snap/work_directory/kirilichikbotgavna/tgbot_template/venv/lib/python3.8/site-packages/aiogram/dispatcher/dispatcher.py", line 415, in _process_polling_updates
    for responses in itertools.chain.from_iterable(await self.process_updates(updates, fast)):
  File "/root/snap/work_directory/kirilichikbotgavna/tgbot_template/venv/lib/python3.8/site-packages/aiogram/dispatcher/dispatcher.py", line 235, in process_updates
    return await asyncio.gather(*tasks)
  File "/root/snap/work_directory/kirilichikbotgavna/tgbot_template/venv/lib/python3.8/site-packages/aiogram/dispatcher/handler.py", line 100, in notify
    await self.dispatcher.middleware.trigger(f"pre_process_{self.middleware_key}", args + (data,))
  File "/root/snap/work_directory/kirilichikbotgavna/tgbot_template/venv/lib/python3.8/site-packages/aiogram/dispatcher/middlewares.py", line 53, in trigger
    await app.trigger(action, args)
  File "/root/snap/work_directory/kirilichikbotgavna/tgbot_template/venv/lib/python3.8/site-packages/aiogram/dispatcher/middlewares.py", line 106, in trigger
    await handler(*args)
  File "/root/snap/work_directory/kirilichikbotgavna/tgbot_template/tgbot/middlewares/throttling.py", line 40, in on_pre_process_update
    await estimate_companion(update.callback_query, None, call_data.split(':')[1])
  File "/root/snap/work_directory/kirilichikbotgavna/tgbot_template/tgbot/handlers/anonym_chat.py", line 237, in estimate_companion
    bot[message.from_user.id]['is_react_companion'] = True
  File "/root/snap/work_directory/kirilichikbotgavna/tgbot_template/venv/lib/python3.8/site-packages/aiogram/utils/mixins.py", line 17, in __getitem__
    return self.data[item]
KeyError: 5080267709
base_events.py:1707 #ERROR    [2022-11-25 15:44:35,409] - asyncio - Task exception was never retrieved
future: <Task finished name='Task-301' coro=<Dispatcher._process_polling_updates() done, defined at /root/snap/work_directory/kirilichikbotgavna/tgbot_template/venv/lib/python3.8/site-packages/aiogram/dispatcher/dispatcher.py:407> exception=KeyError(5612352221)>
Traceback (most recent call last):
  File "/root/snap/work_directory/kirilichikbotgavna/tgbot_template/venv/lib/python3.8/site-packages/aiogram/dispatcher/dispatcher.py", line 415, in _process_polling_updates
    for responses in itertools.chain.from_iterable(await self.process_updates(updates, fast)):
  File "/root/snap/work_directory/kirilichikbotgavna/tgbot_template/venv/lib/python3.8/site-packages/aiogram/dispatcher/dispatcher.py", line 235, in process_updates
    return await asyncio.gather(*tasks)
  File "/root/snap/work_directory/kirilichikbotgavna/tgbot_template/venv/lib/python3.8/site-packages/aiogram/dispatcher/handler.py", line 100, in notify
    await self.dispatcher.middleware.trigger(f"pre_process_{self.middleware_key}", args + (data,))
  File "/root/snap/work_directory/kirilichikbotgavna/tgbot_template/venv/lib/python3.8/site-packages/aiogram/dispatcher/middlewares.py", line 53, in trigger
    await app.trigger(action, args)
  File "/root/snap/work_directory/kirilichikbotgavna/tgbot_template/venv/lib/python3.8/site-packages/aiogram/dispatcher/middlewares.py", line 106, in trigger
    await handler(*args)
  File "/root/snap/work_directory/kirilichikbotgavna/tgbot_template/tgbot/middlewares/throttling.py", line 40, in on_pre_process_update
    await estimate_companion(update.callback_query, None, call_data.split(':')[1])
  File "/root/snap/work_directory/kirilichikbotgavna/tgbot_template/tgbot/handlers/anonym_chat.py", line 237, in estimate_companion
    bot[message.from_user.id]['is_react_companion'] = True
  File "/root/snap/work_directory/kirilichikbotgavna/tgbot_template/venv/lib/python3.8/site-packages/aiogram/utils/mixins.py", line 17, in __getitem__
    return self.data[item]
KeyError: 5612352221
base_events.py:1707 #ERROR    [2022-11-25 15:51:21,660] - asyncio - Task exception was never retrieved
future: <Task finished name='Task-4341' coro=<Dispatcher._process_polling_updates() done, defined at /root/snap/work_directory/kirilichikbotgavna/tgbot_template/venv/lib/python3.8/site-packages/aiogram/dispatcher/dispatcher.py:407> exception=KeyError(5527269663)>
Traceback (most recent call last):
  File "/root/snap/work_directory/kirilichikbotgavna/tgbot_template/venv/lib/python3.8/site-packages/aiogram/dispatcher/dispatcher.py", line 415, in _process_polling_updates
    for responses in itertools.chain.from_iterable(await self.process_updates(updates, fast)):
  File "/root/snap/work_directory/kirilichikbotgavna/tgbot_template/venv/lib/python3.8/site-packages/aiogram/dispatcher/dispatcher.py", line 235, in process_updates
    return await asyncio.gather(*tasks)
  File "/root/snap/work_directory/kirilichikbotgavna/tgbot_template/venv/lib/python3.8/site-packages/aiogram/dispatcher/handler.py", line 100, in notify
    await self.dispatcher.middleware.trigger(f"pre_process_{self.middleware_key}", args + (data,))
  File "/root/snap/work_directory/kirilichikbotgavna/tgbot_template/venv/lib/python3.8/site-packages/aiogram/dispatcher/middlewares.py", line 53, in trigger
    await app.trigger(action, args)
  File "/root/snap/work_directory/kirilichikbotgavna/tgbot_template/venv/lib/python3.8/site-packages/aiogram/dispatcher/middlewares.py", line 106, in trigger
    await handler(*args)
  File "/root/snap/work_directory/kirilichikbotgavna/tgbot_template/tgbot/middlewares/throttling.py", line 40, in on_pre_process_update
    await estimate_companion(update.callback_query, None, call_data.split(':')[1])
  File "/root/snap/work_directory/kirilichikbotgavna/tgbot_template/tgbot/handlers/anonym_chat.py", line 246, in estimate_companion
    bot[message.from_user.id]['is_react_companion'] = True
  File "/root/snap/work_directory/kirilichikbotgavna/tgbot_template/venv/lib/python3.8/site-packages/aiogram/utils/mixins.py", line 17, in __getitem__
    return self.data[item]
KeyError: 5527269663
base_events.py:1707 #ERROR    [2022-11-25 15:53:43,085] - asyncio - Task exception was never retrieved
future: <Task finished name='Task-5147' coro=<Dispatcher._process_polling_updates() done, defined at /root/snap/work_directory/kirilichikbotgavna/tgbot_template/venv/lib/python3.8/site-packages/aiogram/dispatcher/dispatcher.py:407> exception=NetworkError('Aiohttp client throws an error: ServerDisconnectedError: Server disconnected')>
Traceback (most recent call last):
  File "/root/snap/work_directory/kirilichikbotgavna/tgbot_template/venv/lib/python3.8/site-packages/aiogram/bot/api.py", line 139, in make_request
    async with session.post(url, data=req, **kwargs) as response:
  File "/root/snap/work_directory/kirilichikbotgavna/tgbot_template/venv/lib/python3.8/site-packages/aiohttp/client.py", line 1141, in __aenter__
    self._resp = await self._coro
  File "/root/snap/work_directory/kirilichikbotgavna/tgbot_template/venv/lib/python3.8/site-packages/aiohttp/client.py", line 560, in _request
    await resp.start(conn)
  File "/root/snap/work_directory/kirilichikbotgavna/tgbot_template/venv/lib/python3.8/site-packages/aiohttp/client_reqrep.py", line 899, in start
    message, payload = await protocol.read()  # type: ignore[union-attr]
  File "/root/snap/work_directory/kirilichikbotgavna/tgbot_template/venv/lib/python3.8/site-packages/aiohttp/streams.py", line 616, in read
    await self._waiter
aiohttp.client_exceptions.ServerDisconnectedError: Server disconnected

During handling of the above exception, another exception occurred:

Traceback (most recent call last):
  File "/root/snap/work_directory/kirilichikbotgavna/tgbot_template/venv/lib/python3.8/site-packages/aiogram/dispatcher/dispatcher.py", line 415, in _process_polling_updates
    for responses in itertools.chain.from_iterable(await self.process_updates(updates, fast)):
  File "/root/snap/work_directory/kirilichikbotgavna/tgbot_template/venv/lib/python3.8/site-packages/aiogram/dispatcher/dispatcher.py", line 235, in process_updates
    return await asyncio.gather(*tasks)
  File "/root/snap/work_directory/kirilichikbotgavna/tgbot_template/venv/lib/python3.8/site-packages/aiogram/dispatcher/handler.py", line 116, in notify
    response = await handler_obj.handler(*args, **partial_data)
  File "/root/snap/work_directory/kirilichikbotgavna/tgbot_template/venv/lib/python3.8/site-packages/aiogram/dispatcher/dispatcher.py", line 283, in process_update
    return await self.callback_query_handlers.notify(update.callback_query)
  File "/root/snap/work_directory/kirilichikbotgavna/tgbot_template/venv/lib/python3.8/site-packages/aiogram/dispatcher/handler.py", line 116, in notify
    response = await handler_obj.handler(*args, **partial_data)
  File "/root/snap/work_directory/kirilichikbotgavna/tgbot_template/tgbot/handlers/channels.py", line 58, in check_sub_call
    channels = await check_sub(message)
  File "/root/snap/work_directory/kirilichikbotgavna/tgbot_template/tgbot/handlers/channels.py", line 34, in check_sub
    user_channel = await bot.get_chat_member(chat_id=f'{chat_id}', user_id=message.from_user.id)
  File "/root/snap/work_directory/kirilichikbotgavna/tgbot_template/venv/lib/python3.8/site-packages/aiogram/bot/bot.py", line 2464, in get_chat_member
    result = await self.request(api.Methods.GET_CHAT_MEMBER, payload)
  File "/root/snap/work_directory/kirilichikbotgavna/tgbot_template/venv/lib/python3.8/site-packages/aiogram/bot/base.py", line 236, in request
    return await api.make_request(await self.get_session(), self.server, self.__token, method, data, files,
  File "/root/snap/work_directory/kirilichikbotgavna/tgbot_template/venv/lib/python3.8/site-packages/aiogram/bot/api.py", line 142, in make_request
    raise exceptions.NetworkError(f"aiohttp client throws an error: {e.__class__.__name__}: {e}")
aiogram.utils.exceptions.NetworkError: Aiohttp client throws an error: ServerDisconnectedError: Server disconnected
dispatcher.py:390 #ERROR    [2022-11-25 15:53:43,274] - aiogram.dispatcher.dispatcher - Cause exception while getting updates.
Traceback (most recent call last):
  File "/root/snap/work_directory/kirilichikbotgavna/tgbot_template/venv/lib/python3.8/site-packages/aiogram/bot/api.py", line 139, in make_request
    async with session.post(url, data=req, **kwargs) as response:
  File "/root/snap/work_directory/kirilichikbotgavna/tgbot_template/venv/lib/python3.8/site-packages/aiohttp/client.py", line 1141, in __aenter__
    self._resp = await self._coro
  File "/root/snap/work_directory/kirilichikbotgavna/tgbot_template/venv/lib/python3.8/site-packages/aiohttp/client.py", line 560, in _request
    await resp.start(conn)
  File "/root/snap/work_directory/kirilichikbotgavna/tgbot_template/venv/lib/python3.8/site-packages/aiohttp/client_reqrep.py", line 899, in start
    message, payload = await protocol.read()  # type: ignore[union-attr]
  File "/root/snap/work_directory/kirilichikbotgavna/tgbot_template/venv/lib/python3.8/site-packages/aiohttp/streams.py", line 616, in read
    await self._waiter
aiohttp.client_exceptions.ServerDisconnectedError: Server disconnected

During handling of the above exception, another exception occurred:

Traceback (most recent call last):
  File "/root/snap/work_directory/kirilichikbotgavna/tgbot_template/venv/lib/python3.8/site-packages/aiogram/dispatcher/dispatcher.py", line 381, in start_polling
    updates = await self.bot.get_updates(
  File "/root/snap/work_directory/kirilichikbotgavna/tgbot_template/venv/lib/python3.8/site-packages/aiogram/bot/bot.py", line 110, in get_updates
    result = await self.request(api.Methods.GET_UPDATES, payload)
  File "/root/snap/work_directory/kirilichikbotgavna/tgbot_template/venv/lib/python3.8/site-packages/aiogram/bot/base.py", line 236, in request
    return await api.make_request(await self.get_session(), self.server, self.__token, method, data, files,
  File "/root/snap/work_directory/kirilichikbotgavna/tgbot_template/venv/lib/python3.8/site-packages/aiogram/bot/api.py", line 142, in make_request
    raise exceptions.NetworkError(f"aiohttp client throws an error: {e.__class__.__name__}: {e}")
aiogram.utils.exceptions.NetworkError: Aiohttp client throws an error: ServerDisconnectedError: Server disconnected
base_events.py:1707 #ERROR    [2022-11-25 15:55:17,417] - asyncio - Task exception was never retrieved
future: <Task finished name='Task-5889' coro=<Dispatcher._process_polling_updates() done, defined at /root/snap/work_directory/kirilichikbotgavna/tgbot_template/venv/lib/python3.8/site-packages/aiogram/dispatcher/dispatcher.py:407> exception=NetworkError('Aiohttp client throws an error: ServerDisconnectedError: Server disconnected')>
Traceback (most recent call last):
  File "/root/snap/work_directory/kirilichikbotgavna/tgbot_template/venv/lib/python3.8/site-packages/aiogram/bot/api.py", line 139, in make_request
    async with session.post(url, data=req, **kwargs) as response:
  File "/root/snap/work_directory/kirilichikbotgavna/tgbot_template/venv/lib/python3.8/site-packages/aiohttp/client.py", line 1141, in __aenter__
    self._resp = await self._coro
  File "/root/snap/work_directory/kirilichikbotgavna/tgbot_template/venv/lib/python3.8/site-packages/aiohttp/client.py", line 560, in _request
    await resp.start(conn)
  File "/root/snap/work_directory/kirilichikbotgavna/tgbot_template/venv/lib/python3.8/site-packages/aiohttp/client_reqrep.py", line 899, in start
    message, payload = await protocol.read()  # type: ignore[union-attr]
  File "/root/snap/work_directory/kirilichikbotgavna/tgbot_template/venv/lib/python3.8/site-packages/aiohttp/streams.py", line 616, in read
    await self._waiter
aiohttp.client_exceptions.ServerDisconnectedError: Server disconnected

During handling of the above exception, another exception occurred:

Traceback (most recent call last):
  File "/root/snap/work_directory/kirilichikbotgavna/tgbot_template/venv/lib/python3.8/site-packages/aiogram/dispatcher/dispatcher.py", line 415, in _process_polling_updates
    for responses in itertools.chain.from_iterable(await self.process_updates(updates, fast)):
  File "/root/snap/work_directory/kirilichikbotgavna/tgbot_template/venv/lib/python3.8/site-packages/aiogram/dispatcher/dispatcher.py", line 235, in process_updates
    return await asyncio.gather(*tasks)
  File "/root/snap/work_directory/kirilichikbotgavna/tgbot_template/venv/lib/python3.8/site-packages/aiogram/dispatcher/handler.py", line 100, in notify
    await self.dispatcher.middleware.trigger(f"pre_process_{self.middleware_key}", args + (data,))
  File "/root/snap/work_directory/kirilichikbotgavna/tgbot_template/venv/lib/python3.8/site-packages/aiogram/dispatcher/middlewares.py", line 53, in trigger
    await app.trigger(action, args)
  File "/root/snap/work_directory/kirilichikbotgavna/tgbot_template/venv/lib/python3.8/site-packages/aiogram/dispatcher/middlewares.py", line 106, in trigger
    await handler(*args)
  File "/root/snap/work_directory/kirilichikbotgavna/tgbot_template/tgbot/middlewares/throttling.py", line 92, in on_pre_process_update
    channels = await check_sub(message)
  File "/root/snap/work_directory/kirilichikbotgavna/tgbot_template/tgbot/handlers/channels.py", line 34, in check_sub
    user_channel = await bot.get_chat_member(chat_id=f'{chat_id}', user_id=message.from_user.id)
  File "/root/snap/work_directory/kirilichikbotgavna/tgbot_template/venv/lib/python3.8/site-packages/aiogram/bot/bot.py", line 2464, in get_chat_member
    result = await self.request(api.Methods.GET_CHAT_MEMBER, payload)
  File "/root/snap/work_directory/kirilichikbotgavna/tgbot_template/venv/lib/python3.8/site-packages/aiogram/bot/base.py", line 236, in request
    return await api.make_request(await self.get_session(), self.server, self.__token, method, data, files,
  File "/root/snap/work_directory/kirilichikbotgavna/tgbot_template/venv/lib/python3.8/site-packages/aiogram/bot/api.py", line 142, in make_request
    raise exceptions.NetworkError(f"aiohttp client throws an error: {e.__class__.__name__}: {e}")
aiogram.utils.exceptions.NetworkError: Aiohttp client throws an error: ServerDisconnectedError: Server disconnected
payment_system.py:65 #INFO     [2022-11-25 16:00:36,210] - root - None 1 39.0
dispatcher.py:390 #ERROR    [2022-11-25 16:09:22,381] - aiogram.dispatcher.dispatcher - Cause exception while getting updates.
Traceback (most recent call last):
  File "/root/snap/work_directory/kirilichikbotgavna/tgbot_template/venv/lib/python3.8/site-packages/aiogram/bot/api.py", line 139, in make_request
    async with session.post(url, data=req, **kwargs) as response:
  File "/root/snap/work_directory/kirilichikbotgavna/tgbot_template/venv/lib/python3.8/site-packages/aiohttp/client.py", line 1141, in __aenter__
    self._resp = await self._coro
  File "/root/snap/work_directory/kirilichikbotgavna/tgbot_template/venv/lib/python3.8/site-packages/aiohttp/client.py", line 560, in _request
    await resp.start(conn)
  File "/root/snap/work_directory/kirilichikbotgavna/tgbot_template/venv/lib/python3.8/site-packages/aiohttp/client_reqrep.py", line 899, in start
    message, payload = await protocol.read()  # type: ignore[union-attr]
  File "/root/snap/work_directory/kirilichikbotgavna/tgbot_template/venv/lib/python3.8/site-packages/aiohttp/streams.py", line 616, in read
    await self._waiter
aiohttp.client_exceptions.ServerDisconnectedError: Server disconnected

During handling of the above exception, another exception occurred:

Traceback (most recent call last):
  File "/root/snap/work_directory/kirilichikbotgavna/tgbot_template/venv/lib/python3.8/site-packages/aiogram/dispatcher/dispatcher.py", line 381, in start_polling
    updates = await self.bot.get_updates(
  File "/root/snap/work_directory/kirilichikbotgavna/tgbot_template/venv/lib/python3.8/site-packages/aiogram/bot/bot.py", line 110, in get_updates
    result = await self.request(api.Methods.GET_UPDATES, payload)
  File "/root/snap/work_directory/kirilichikbotgavna/tgbot_template/venv/lib/python3.8/site-packages/aiogram/bot/base.py", line 236, in request
    return await api.make_request(await self.get_session(), self.server, self.__token, method, data, files,
  File "/root/snap/work_directory/kirilichikbotgavna/tgbot_template/venv/lib/python3.8/site-packages/aiogram/bot/api.py", line 142, in make_request
    raise exceptions.NetworkError(f"aiohttp client throws an error: {e.__class__.__name__}: {e}")
aiogram.utils.exceptions.NetworkError: Aiohttp client throws an error: ServerDisconnectedError: Server disconnected
base_events.py:1707 #ERROR    [2022-11-25 16:09:28,306] - asyncio - Task exception was never retrieved
future: <Task finished name='Task-13682' coro=<Dispatcher._process_polling_updates() done, defined at /root/snap/work_directory/kirilichikbotgavna/tgbot_template/venv/lib/python3.8/site-packages/aiogram/dispatcher/dispatcher.py:407> exception=NetworkError('Aiohttp client throws an error: ServerDisconnectedError: Server disconnected')>
Traceback (most recent call last):
  File "/root/snap/work_directory/kirilichikbotgavna/tgbot_template/venv/lib/python3.8/site-packages/aiogram/bot/api.py", line 139, in make_request
    async with session.post(url, data=req, **kwargs) as response:
  File "/root/snap/work_directory/kirilichikbotgavna/tgbot_template/venv/lib/python3.8/site-packages/aiohttp/client.py", line 1141, in __aenter__
    self._resp = await self._coro
  File "/root/snap/work_directory/kirilichikbotgavna/tgbot_template/venv/lib/python3.8/site-packages/aiohttp/client.py", line 560, in _request
    await resp.start(conn)
  File "/root/snap/work_directory/kirilichikbotgavna/tgbot_template/venv/lib/python3.8/site-packages/aiohttp/client_reqrep.py", line 899, in start
    message, payload = await protocol.read()  # type: ignore[union-attr]
  File "/root/snap/work_directory/kirilichikbotgavna/tgbot_template/venv/lib/python3.8/site-packages/aiohttp/streams.py", line 616, in read
    await self._waiter
aiohttp.client_exceptions.ServerDisconnectedError: Server disconnected

During handling of the above exception, another exception occurred:

Traceback (most recent call last):
  File "/root/snap/work_directory/kirilichikbotgavna/tgbot_template/venv/lib/python3.8/site-packages/aiogram/dispatcher/dispatcher.py", line 415, in _process_polling_updates
    for responses in itertools.chain.from_iterable(await self.process_updates(updates, fast)):
  File "/root/snap/work_directory/kirilichikbotgavna/tgbot_template/venv/lib/python3.8/site-packages/aiogram/dispatcher/dispatcher.py", line 235, in process_updates
    return await asyncio.gather(*tasks)
  File "/root/snap/work_directory/kirilichikbotgavna/tgbot_template/venv/lib/python3.8/site-packages/aiogram/dispatcher/handler.py", line 100, in notify
    await self.dispatcher.middleware.trigger(f"pre_process_{self.middleware_key}", args + (data,))
  File "/root/snap/work_directory/kirilichikbotgavna/tgbot_template/venv/lib/python3.8/site-packages/aiogram/dispatcher/middlewares.py", line 53, in trigger
    await app.trigger(action, args)
  File "/root/snap/work_directory/kirilichikbotgavna/tgbot_template/venv/lib/python3.8/site-packages/aiogram/dispatcher/middlewares.py", line 106, in trigger
    await handler(*args)
  File "/root/snap/work_directory/kirilichikbotgavna/tgbot_template/tgbot/middlewares/throttling.py", line 92, in on_pre_process_update
    channels = await check_sub(message)
  File "/root/snap/work_directory/kirilichikbotgavna/tgbot_template/tgbot/handlers/channels.py", line 34, in check_sub
    user_channel = await bot.get_chat_member(chat_id=f'{chat_id}', user_id=message.from_user.id)
  File "/root/snap/work_directory/kirilichikbotgavna/tgbot_template/venv/lib/python3.8/site-packages/aiogram/bot/bot.py", line 2464, in get_chat_member
    result = await self.request(api.Methods.GET_CHAT_MEMBER, payload)
  File "/root/snap/work_directory/kirilichikbotgavna/tgbot_template/venv/lib/python3.8/site-packages/aiogram/bot/base.py", line 236, in request
    return await api.make_request(await self.get_session(), self.server, self.__token, method, data, files,
  File "/root/snap/work_directory/kirilichikbotgavna/tgbot_template/venv/lib/python3.8/site-packages/aiogram/bot/api.py", line 142, in make_request
    raise exceptions.NetworkError(f"aiohttp client throws an error: {e.__class__.__name__}: {e}")
aiogram.utils.exceptions.NetworkError: Aiohttp client throws an error: ServerDisconnectedError: Server disconnected
base_events.py:1707 #ERROR    [2022-11-25 16:09:29,241] - asyncio - Task exception was never retrieved
future: <Task finished name='Task-13703' coro=<Dispatcher._process_polling_updates() done, defined at /root/snap/work_directory/kirilichikbotgavna/tgbot_template/venv/lib/python3.8/site-packages/aiogram/dispatcher/dispatcher.py:407> exception=NetworkError('Aiohttp client throws an error: ServerDisconnectedError: Server disconnected')>
Traceback (most recent call last):
  File "/root/snap/work_directory/kirilichikbotgavna/tgbot_template/venv/lib/python3.8/site-packages/aiogram/bot/api.py", line 139, in make_request
    async with session.post(url, data=req, **kwargs) as response:
  File "/root/snap/work_directory/kirilichikbotgavna/tgbot_template/venv/lib/python3.8/site-packages/aiohttp/client.py", line 1141, in __aenter__
    self._resp = await self._coro
  File "/root/snap/work_directory/kirilichikbotgavna/tgbot_template/venv/lib/python3.8/site-packages/aiohttp/client.py", line 560, in _request
    await resp.start(conn)
  File "/root/snap/work_directory/kirilichikbotgavna/tgbot_template/venv/lib/python3.8/site-packages/aiohttp/client_reqrep.py", line 899, in start
    message, payload = await protocol.read()  # type: ignore[union-attr]
  File "/root/snap/work_directory/kirilichikbotgavna/tgbot_template/venv/lib/python3.8/site-packages/aiohttp/streams.py", line 616, in read
    await self._waiter
aiohttp.client_exceptions.ServerDisconnectedError: Server disconnected

During handling of the above exception, another exception occurred:

Traceback (most recent call last):
  File "/root/snap/work_directory/kirilichikbotgavna/tgbot_template/venv/lib/python3.8/site-packages/aiogram/dispatcher/dispatcher.py", line 415, in _process_polling_updates
    for responses in itertools.chain.from_iterable(await self.process_updates(updates, fast)):
  File "/root/snap/work_directory/kirilichikbotgavna/tgbot_template/venv/lib/python3.8/site-packages/aiogram/dispatcher/dispatcher.py", line 235, in process_updates
    return await asyncio.gather(*tasks)
  File "/root/snap/work_directory/kirilichikbotgavna/tgbot_template/venv/lib/python3.8/site-packages/aiogram/dispatcher/handler.py", line 116, in notify
    response = await handler_obj.handler(*args, **partial_data)
  File "/root/snap/work_directory/kirilichikbotgavna/tgbot_template/venv/lib/python3.8/site-packages/aiogram/dispatcher/dispatcher.py", line 256, in process_update
    return await self.message_handlers.notify(update.message)
  File "/root/snap/work_directory/kirilichikbotgavna/tgbot_template/venv/lib/python3.8/site-packages/aiogram/dispatcher/handler.py", line 116, in notify
    response = await handler_obj.handler(*args, **partial_data)
  File "/root/snap/work_directory/kirilichikbotgavna/tgbot_template/tgbot/handlers/anonym_chat.py", line 151, in stop
    await stop_chat(message, state)
  File "/root/snap/work_directory/kirilichikbotgavna/tgbot_template/tgbot/handlers/anonym_chat.py", line 121, in stop_chat
    await bot.send_photo(companion_id, photo, caption=texts['companion_stopped_dialog'].format(time_dialog))
  File "/root/snap/work_directory/kirilichikbotgavna/tgbot_template/venv/lib/python3.8/site-packages/aiogram/bot/bot.py", line 540, in send_photo
    result = await self.request(api.Methods.SEND_PHOTO, payload, files)
  File "/root/snap/work_directory/kirilichikbotgavna/tgbot_template/venv/lib/python3.8/site-packages/aiogram/bot/base.py", line 236, in request
    return await api.make_request(await self.get_session(), self.server, self.__token, method, data, files,
  File "/root/snap/work_directory/kirilichikbotgavna/tgbot_template/venv/lib/python3.8/site-packages/aiogram/bot/api.py", line 142, in make_request
    raise exceptions.NetworkError(f"aiohttp client throws an error: {e.__class__.__name__}: {e}")
aiogram.utils.exceptions.NetworkError: Aiohttp client throws an error: ServerDisconnectedError: Server disconnected
base_events.py:1707 #ERROR    [2022-11-25 16:11:21,094] - asyncio - Task exception was never retrieved
future: <Task finished name='Task-14798' coro=<Dispatcher._process_polling_updates() done, defined at /root/snap/work_directory/kirilichikbotgavna/tgbot_template/venv/lib/python3.8/site-packages/aiogram/dispatcher/dispatcher.py:407> exception=KeyError(5923525426)>
Traceback (most recent call last):
  File "/root/snap/work_directory/kirilichikbotgavna/tgbot_template/venv/lib/python3.8/site-packages/aiogram/dispatcher/dispatcher.py", line 415, in _process_polling_updates
    for responses in itertools.chain.from_iterable(await self.process_updates(updates, fast)):
  File "/root/snap/work_directory/kirilichikbotgavna/tgbot_template/venv/lib/python3.8/site-packages/aiogram/dispatcher/dispatcher.py", line 235, in process_updates
    return await asyncio.gather(*tasks)
  File "/root/snap/work_directory/kirilichikbotgavna/tgbot_template/venv/lib/python3.8/site-packages/aiogram/dispatcher/handler.py", line 100, in notify
    await self.dispatcher.middleware.trigger(f"pre_process_{self.middleware_key}", args + (data,))
  File "/root/snap/work_directory/kirilichikbotgavna/tgbot_template/venv/lib/python3.8/site-packages/aiogram/dispatcher/middlewares.py", line 53, in trigger
    await app.trigger(action, args)
  File "/root/snap/work_directory/kirilichikbotgavna/tgbot_template/venv/lib/python3.8/site-packages/aiogram/dispatcher/middlewares.py", line 106, in trigger
    await handler(*args)
  File "/root/snap/work_directory/kirilichikbotgavna/tgbot_template/tgbot/middlewares/throttling.py", line 40, in on_pre_process_update
    await estimate_companion(update.callback_query, None, call_data.split(':')[1])
  File "/root/snap/work_directory/kirilichikbotgavna/tgbot_template/tgbot/handlers/anonym_chat.py", line 246, in estimate_companion
    bot[message.from_user.id]['is_react_companion'] = True
  File "/root/snap/work_directory/kirilichikbotgavna/tgbot_template/venv/lib/python3.8/site-packages/aiogram/utils/mixins.py", line 17, in __getitem__
    return self.data[item]
KeyError: 5923525426
base_events.py:1707 #ERROR    [2022-11-25 16:12:43,917] - asyncio - Task exception was never retrieved
future: <Task finished name='Task-15801' coro=<Dispatcher._process_polling_updates() done, defined at /root/snap/work_directory/kirilichikbotgavna/tgbot_template/venv/lib/python3.8/site-packages/aiogram/dispatcher/dispatcher.py:407> exception=NetworkError('Aiohttp client throws an error: ServerDisconnectedError: Server disconnected')>
Traceback (most recent call last):
  File "/root/snap/work_directory/kirilichikbotgavna/tgbot_template/venv/lib/python3.8/site-packages/aiogram/bot/api.py", line 139, in make_request
    async with session.post(url, data=req, **kwargs) as response:
  File "/root/snap/work_directory/kirilichikbotgavna/tgbot_template/venv/lib/python3.8/site-packages/aiohttp/client.py", line 1141, in __aenter__
    self._resp = await self._coro
  File "/root/snap/work_directory/kirilichikbotgavna/tgbot_template/venv/lib/python3.8/site-packages/aiohttp/client.py", line 560, in _request
    await resp.start(conn)
  File "/root/snap/work_directory/kirilichikbotgavna/tgbot_template/venv/lib/python3.8/site-packages/aiohttp/client_reqrep.py", line 899, in start
    message, payload = await protocol.read()  # type: ignore[union-attr]
  File "/root/snap/work_directory/kirilichikbotgavna/tgbot_template/venv/lib/python3.8/site-packages/aiohttp/streams.py", line 616, in read
    await self._waiter
aiohttp.client_exceptions.ServerDisconnectedError: Server disconnected

During handling of the above exception, another exception occurred:

Traceback (most recent call last):
  File "/root/snap/work_directory/kirilichikbotgavna/tgbot_template/venv/lib/python3.8/site-packages/aiogram/dispatcher/dispatcher.py", line 415, in _process_polling_updates
    for responses in itertools.chain.from_iterable(await self.process_updates(updates, fast)):
  File "/root/snap/work_directory/kirilichikbotgavna/tgbot_template/venv/lib/python3.8/site-packages/aiogram/dispatcher/dispatcher.py", line 235, in process_updates
    return await asyncio.gather(*tasks)
  File "/root/snap/work_directory/kirilichikbotgavna/tgbot_template/venv/lib/python3.8/site-packages/aiogram/dispatcher/handler.py", line 100, in notify
    await self.dispatcher.middleware.trigger(f"pre_process_{self.middleware_key}", args + (data,))
  File "/root/snap/work_directory/kirilichikbotgavna/tgbot_template/venv/lib/python3.8/site-packages/aiogram/dispatcher/middlewares.py", line 53, in trigger
    await app.trigger(action, args)
  File "/root/snap/work_directory/kirilichikbotgavna/tgbot_template/venv/lib/python3.8/site-packages/aiogram/dispatcher/middlewares.py", line 106, in trigger
    await handler(*args)
  File "/root/snap/work_directory/kirilichikbotgavna/tgbot_template/tgbot/middlewares/throttling.py", line 92, in on_pre_process_update
    channels = await check_sub(message)
  File "/root/snap/work_directory/kirilichikbotgavna/tgbot_template/tgbot/handlers/channels.py", line 34, in check_sub
    user_channel = await bot.get_chat_member(chat_id=f'{chat_id}', user_id=message.from_user.id)
  File "/root/snap/work_directory/kirilichikbotgavna/tgbot_template/venv/lib/python3.8/site-packages/aiogram/bot/bot.py", line 2464, in get_chat_member
    result = await self.request(api.Methods.GET_CHAT_MEMBER, payload)
  File "/root/snap/work_directory/kirilichikbotgavna/tgbot_template/venv/lib/python3.8/site-packages/aiogram/bot/base.py", line 236, in request
    return await api.make_request(await self.get_session(), self.server, self.__token, method, data, files,
  File "/root/snap/work_directory/kirilichikbotgavna/tgbot_template/venv/lib/python3.8/site-packages/aiogram/bot/api.py", line 142, in make_request
    raise exceptions.NetworkError(f"aiohttp client throws an error: {e.__class__.__name__}: {e}")
aiogram.utils.exceptions.NetworkError: Aiohttp client throws an error: ServerDisconnectedError: Server disconnected
base_events.py:1707 #ERROR    [2022-11-25 16:13:40,198] - asyncio - Task exception was never retrieved
future: <Task finished name='Task-16375' coro=<Dispatcher._process_polling_updates() done, defined at /root/snap/work_directory/kirilichikbotgavna/tgbot_template/venv/lib/python3.8/site-packages/aiogram/dispatcher/dispatcher.py:407> exception=NetworkError('Aiohttp client throws an error: ServerDisconnectedError: Server disconnected')>
Traceback (most recent call last):
  File "/root/snap/work_directory/kirilichikbotgavna/tgbot_template/venv/lib/python3.8/site-packages/aiogram/bot/api.py", line 139, in make_request
    async with session.post(url, data=req, **kwargs) as response:
  File "/root/snap/work_directory/kirilichikbotgavna/tgbot_template/venv/lib/python3.8/site-packages/aiohttp/client.py", line 1141, in __aenter__
    self._resp = await self._coro
  File "/root/snap/work_directory/kirilichikbotgavna/tgbot_template/venv/lib/python3.8/site-packages/aiohttp/client.py", line 560, in _request
    await resp.start(conn)
  File "/root/snap/work_directory/kirilichikbotgavna/tgbot_template/venv/lib/python3.8/site-packages/aiohttp/client_reqrep.py", line 899, in start
    message, payload = await protocol.read()  # type: ignore[union-attr]
  File "/root/snap/work_directory/kirilichikbotgavna/tgbot_template/venv/lib/python3.8/site-packages/aiohttp/streams.py", line 616, in read
    await self._waiter
aiohttp.client_exceptions.ServerDisconnectedError: Server disconnected

During handling of the above exception, another exception occurred:

Traceback (most recent call last):
  File "/root/snap/work_directory/kirilichikbotgavna/tgbot_template/venv/lib/python3.8/site-packages/aiogram/dispatcher/dispatcher.py", line 415, in _process_polling_updates
    for responses in itertools.chain.from_iterable(await self.process_updates(updates, fast)):
  File "/root/snap/work_directory/kirilichikbotgavna/tgbot_template/venv/lib/python3.8/site-packages/aiogram/dispatcher/dispatcher.py", line 235, in process_updates
    return await asyncio.gather(*tasks)
  File "/root/snap/work_directory/kirilichikbotgavna/tgbot_template/venv/lib/python3.8/site-packages/aiogram/dispatcher/handler.py", line 116, in notify
    response = await handler_obj.handler(*args, **partial_data)
  File "/root/snap/work_directory/kirilichikbotgavna/tgbot_template/venv/lib/python3.8/site-packages/aiogram/dispatcher/dispatcher.py", line 256, in process_update
    return await self.message_handlers.notify(update.message)
  File "/root/snap/work_directory/kirilichikbotgavna/tgbot_template/venv/lib/python3.8/site-packages/aiogram/dispatcher/handler.py", line 116, in notify
    response = await handler_obj.handler(*args, **partial_data)
  File "/root/snap/work_directory/kirilichikbotgavna/tgbot_template/tgbot/handlers/anonym_chat.py", line 166, in next_chat
    await stop_chat(message, state, skip=True)
  File "/root/snap/work_directory/kirilichikbotgavna/tgbot_template/tgbot/handlers/anonym_chat.py", line 113, in stop_chat
    await bot.send_message(companion_id, texts['estimate_companion'],
  File "/root/snap/work_directory/kirilichikbotgavna/tgbot_template/venv/lib/python3.8/site-packages/aiogram/bot/bot.py", line 341, in send_message
    result = await self.request(api.Methods.SEND_MESSAGE, payload)
  File "/root/snap/work_directory/kirilichikbotgavna/tgbot_template/venv/lib/python3.8/site-packages/aiogram/bot/base.py", line 236, in request
    return await api.make_request(await self.get_session(), self.server, self.__token, method, data, files,
  File "/root/snap/work_directory/kirilichikbotgavna/tgbot_template/venv/lib/python3.8/site-packages/aiogram/bot/api.py", line 142, in make_request
    raise exceptions.NetworkError(f"aiohttp client throws an error: {e.__class__.__name__}: {e}")
aiogram.utils.exceptions.NetworkError: Aiohttp client throws an error: ServerDisconnectedError: Server disconnected
base_events.py:1707 #ERROR    [2022-11-25 16:15:57,656] - asyncio - Task exception was never retrieved
future: <Task finished name='Task-17605' coro=<Dispatcher._process_polling_updates() done, defined at /root/snap/work_directory/kirilichikbotgavna/tgbot_template/venv/lib/python3.8/site-packages/aiogram/dispatcher/dispatcher.py:407> exception=KeyError('is_report_companion')>
Traceback (most recent call last):
  File "/root/snap/work_directory/kirilichikbotgavna/tgbot_template/venv/lib/python3.8/site-packages/aiogram/dispatcher/dispatcher.py", line 415, in _process_polling_updates
    for responses in itertools.chain.from_iterable(await self.process_updates(updates, fast)):
  File "/root/snap/work_directory/kirilichikbotgavna/tgbot_template/venv/lib/python3.8/site-packages/aiogram/dispatcher/dispatcher.py", line 235, in process_updates
    return await asyncio.gather(*tasks)
  File "/root/snap/work_directory/kirilichikbotgavna/tgbot_template/venv/lib/python3.8/site-packages/aiogram/dispatcher/handler.py", line 100, in notify
    await self.dispatcher.middleware.trigger(f"pre_process_{self.middleware_key}", args + (data,))
  File "/root/snap/work_directory/kirilichikbotgavna/tgbot_template/venv/lib/python3.8/site-packages/aiogram/dispatcher/middlewares.py", line 53, in trigger
    await app.trigger(action, args)
  File "/root/snap/work_directory/kirilichikbotgavna/tgbot_template/venv/lib/python3.8/site-packages/aiogram/dispatcher/middlewares.py", line 106, in trigger
    await handler(*args)
  File "/root/snap/work_directory/kirilichikbotgavna/tgbot_template/tgbot/middlewares/throttling.py", line 40, in on_pre_process_update
    await estimate_companion(update.callback_query, None, call_data.split(':')[1])
  File "/root/snap/work_directory/kirilichikbotgavna/tgbot_template/tgbot/handlers/anonym_chat.py", line 240, in estimate_companion
    if bot[message.from_user.id]['is_report_companion']:
KeyError: 'is_report_companion'
base_events.py:1707 #ERROR    [2022-11-25 16:26:25,434] - asyncio - Task exception was never retrieved
future: <Task finished name='Task-22055' coro=<Dispatcher._process_polling_updates() done, defined at /root/snap/work_directory/kirilichikbotgavna/tgbot_template/venv/lib/python3.8/site-packages/aiogram/dispatcher/dispatcher.py:407> exception=KeyError(2060012586)>
Traceback (most recent call last):
  File "/root/snap/work_directory/kirilichikbotgavna/tgbot_template/venv/lib/python3.8/site-packages/aiogram/dispatcher/dispatcher.py", line 415, in _process_polling_updates
    for responses in itertools.chain.from_iterable(await self.process_updates(updates, fast)):
  File "/root/snap/work_directory/kirilichikbotgavna/tgbot_template/venv/lib/python3.8/site-packages/aiogram/dispatcher/dispatcher.py", line 235, in process_updates
    return await asyncio.gather(*tasks)
  File "/root/snap/work_directory/kirilichikbotgavna/tgbot_template/venv/lib/python3.8/site-packages/aiogram/dispatcher/handler.py", line 100, in notify
    await self.dispatcher.middleware.trigger(f"pre_process_{self.middleware_key}", args + (data,))
  File "/root/snap/work_directory/kirilichikbotgavna/tgbot_template/venv/lib/python3.8/site-packages/aiogram/dispatcher/middlewares.py", line 53, in trigger
    await app.trigger(action, args)
  File "/root/snap/work_directory/kirilichikbotgavna/tgbot_template/venv/lib/python3.8/site-packages/aiogram/dispatcher/middlewares.py", line 106, in trigger
    await handler(*args)
  File "/root/snap/work_directory/kirilichikbotgavna/tgbot_template/tgbot/middlewares/throttling.py", line 40, in on_pre_process_update
    await estimate_companion(update.callback_query, None, call_data.split(':')[1])
  File "/root/snap/work_directory/kirilichikbotgavna/tgbot_template/tgbot/handlers/anonym_chat.py", line 237, in estimate_companion
    bot[message.from_user.id]['is_react_companion'] = True
  File "/root/snap/work_directory/kirilichikbotgavna/tgbot_template/venv/lib/python3.8/site-packages/aiogram/utils/mixins.py", line 17, in __getitem__
    return self.data[item]
KeyError: 2060012586
base_events.py:1707 #ERROR    [2022-11-25 16:41:45,072] - asyncio - Task exception was never retrieved
future: <Task finished name='Task-28673' coro=<Dispatcher._process_polling_updates() done, defined at /root/snap/work_directory/kirilichikbotgavna/tgbot_template/venv/lib/python3.8/site-packages/aiogram/dispatcher/dispatcher.py:407> exception=BadRequest('Not found')>
Traceback (most recent call last):
  File "/root/snap/work_directory/kirilichikbotgavna/tgbot_template/venv/lib/python3.8/site-packages/aiogram/dispatcher/dispatcher.py", line 415, in _process_polling_updates
    for responses in itertools.chain.from_iterable(await self.process_updates(updates, fast)):
  File "/root/snap/work_directory/kirilichikbotgavna/tgbot_template/venv/lib/python3.8/site-packages/aiogram/dispatcher/dispatcher.py", line 235, in process_updates
    return await asyncio.gather(*tasks)
  File "/root/snap/work_directory/kirilichikbotgavna/tgbot_template/venv/lib/python3.8/site-packages/aiogram/dispatcher/handler.py", line 100, in notify
    await self.dispatcher.middleware.trigger(f"pre_process_{self.middleware_key}", args + (data,))
  File "/root/snap/work_directory/kirilichikbotgavna/tgbot_template/venv/lib/python3.8/site-packages/aiogram/dispatcher/middlewares.py", line 53, in trigger
    await app.trigger(action, args)
  File "/root/snap/work_directory/kirilichikbotgavna/tgbot_template/venv/lib/python3.8/site-packages/aiogram/dispatcher/middlewares.py", line 106, in trigger
    await handler(*args)
  File "/root/snap/work_directory/kirilichikbotgavna/tgbot_template/tgbot/middlewares/throttling.py", line 40, in on_pre_process_update
    await estimate_companion(update.callback_query, None, call_data.split(':')[1])
  File "/root/snap/work_directory/kirilichikbotgavna/tgbot_template/tgbot/handlers/anonym_chat.py", line 272, in estimate_companion
    await message.edit_reply_markup(reply_markup=inline.estimate_companion_short_only_react(buttons))
  File "/root/snap/work_directory/kirilichikbotgavna/tgbot_template/venv/lib/python3.8/site-packages/aiogram/types/message.py", line 2934, in edit_reply_markup
    return await self.bot.edit_message_reply_markup(
  File "/root/snap/work_directory/kirilichikbotgavna/tgbot_template/venv/lib/python3.8/site-packages/aiogram/bot/bot.py", line 2902, in edit_message_reply_markup
    result = await self.request(api.Methods.EDIT_MESSAGE_REPLY_MARKUP, payload)
  File "/root/snap/work_directory/kirilichikbotgavna/tgbot_template/venv/lib/python3.8/site-packages/aiogram/bot/base.py", line 236, in request
    return await api.make_request(await self.get_session(), self.server, self.__token, method, data, files,
  File "/root/snap/work_directory/kirilichikbotgavna/tgbot_template/venv/lib/python3.8/site-packages/aiogram/bot/api.py", line 140, in make_request
    return check_result(method, response.content_type, response.status, await response.text())
  File "/root/snap/work_directory/kirilichikbotgavna/tgbot_template/venv/lib/python3.8/site-packages/aiogram/bot/api.py", line 115, in check_result
    exceptions.BadRequest.detect(description)
  File "/root/snap/work_directory/kirilichikbotgavna/tgbot_template/venv/lib/python3.8/site-packages/aiogram/utils/exceptions.py", line 141, in detect
    raise cls(description)
aiogram.utils.exceptions.BadRequest: Not found
base_events.py:1707 #ERROR    [2022-11-25 16:49:05,656] - asyncio - Task exception was never retrieved
future: <Task finished name='Task-31767' coro=<Dispatcher._process_polling_updates() done, defined at /root/snap/work_directory/kirilichikbotgavna/tgbot_template/venv/lib/python3.8/site-packages/aiogram/dispatcher/dispatcher.py:407> exception=NetworkError('Aiohttp client throws an error: ServerDisconnectedError: Server disconnected')>
Traceback (most recent call last):
  File "/root/snap/work_directory/kirilichikbotgavna/tgbot_template/venv/lib/python3.8/site-packages/aiogram/bot/api.py", line 139, in make_request
    async with session.post(url, data=req, **kwargs) as response:
  File "/root/snap/work_directory/kirilichikbotgavna/tgbot_template/venv/lib/python3.8/site-packages/aiohttp/client.py", line 1141, in __aenter__
    self._resp = await self._coro
  File "/root/snap/work_directory/kirilichikbotgavna/tgbot_template/venv/lib/python3.8/site-packages/aiohttp/client.py", line 560, in _request
    await resp.start(conn)
  File "/root/snap/work_directory/kirilichikbotgavna/tgbot_template/venv/lib/python3.8/site-packages/aiohttp/client_reqrep.py", line 899, in start
    message, payload = await protocol.read()  # type: ignore[union-attr]
  File "/root/snap/work_directory/kirilichikbotgavna/tgbot_template/venv/lib/python3.8/site-packages/aiohttp/streams.py", line 616, in read
    await self._waiter
aiohttp.client_exceptions.ServerDisconnectedError: Server disconnected

During handling of the above exception, another exception occurred:

Traceback (most recent call last):
  File "/root/snap/work_directory/kirilichikbotgavna/tgbot_template/venv/lib/python3.8/site-packages/aiogram/dispatcher/dispatcher.py", line 415, in _process_polling_updates
    for responses in itertools.chain.from_iterable(await self.process_updates(updates, fast)):
  File "/root/snap/work_directory/kirilichikbotgavna/tgbot_template/venv/lib/python3.8/site-packages/aiogram/dispatcher/dispatcher.py", line 235, in process_updates
    return await asyncio.gather(*tasks)
  File "/root/snap/work_directory/kirilichikbotgavna/tgbot_template/venv/lib/python3.8/site-packages/aiogram/dispatcher/handler.py", line 116, in notify
    response = await handler_obj.handler(*args, **partial_data)
  File "/root/snap/work_directory/kirilichikbotgavna/tgbot_template/venv/lib/python3.8/site-packages/aiogram/dispatcher/dispatcher.py", line 256, in process_update
    return await self.message_handlers.notify(update.message)
  File "/root/snap/work_directory/kirilichikbotgavna/tgbot_template/venv/lib/python3.8/site-packages/aiogram/dispatcher/handler.py", line 116, in notify
    response = await handler_obj.handler(*args, **partial_data)
  File "/root/snap/work_directory/kirilichikbotgavna/tgbot_template/tgbot/handlers/echo.py", line 39, in bot_echo
    await search(message, state)
  File "/root/snap/work_directory/kirilichikbotgavna/tgbot_template/tgbot/handlers/anonym_chat.py", line 68, in search
    await message.answer(texts['dialog_found'].format(
  File "/root/snap/work_directory/kirilichikbotgavna/tgbot_template/venv/lib/python3.8/site-packages/aiogram/types/message.py", line 397, in answer
    return await self.bot.send_message(
  File "/root/snap/work_directory/kirilichikbotgavna/tgbot_template/venv/lib/python3.8/site-packages/aiogram/bot/bot.py", line 341, in send_message
    result = await self.request(api.Methods.SEND_MESSAGE, payload)
  File "/root/snap/work_directory/kirilichikbotgavna/tgbot_template/venv/lib/python3.8/site-packages/aiogram/bot/base.py", line 236, in request
    return await api.make_request(await self.get_session(), self.server, self.__token, method, data, files,
  File "/root/snap/work_directory/kirilichikbotgavna/tgbot_template/venv/lib/python3.8/site-packages/aiogram/bot/api.py", line 142, in make_request
    raise exceptions.NetworkError(f"aiohttp client throws an error: {e.__class__.__name__}: {e}")
aiogram.utils.exceptions.NetworkError: Aiohttp client throws an error: ServerDisconnectedError: Server disconnected
base_events.py:1707 #ERROR    [2022-11-25 17:09:26,203] - asyncio - Task exception was never retrieved
future: <Task finished name='Task-41505' coro=<Dispatcher._process_polling_updates() done, defined at /root/snap/work_directory/kirilichikbotgavna/tgbot_template/venv/lib/python3.8/site-packages/aiogram/dispatcher/dispatcher.py:407> exception=KeyError(5759564911)>
Traceback (most recent call last):
  File "/root/snap/work_directory/kirilichikbotgavna/tgbot_template/venv/lib/python3.8/site-packages/aiogram/dispatcher/dispatcher.py", line 415, in _process_polling_updates
    for responses in itertools.chain.from_iterable(await self.process_updates(updates, fast)):
  File "/root/snap/work_directory/kirilichikbotgavna/tgbot_template/venv/lib/python3.8/site-packages/aiogram/dispatcher/dispatcher.py", line 235, in process_updates
    return await asyncio.gather(*tasks)
  File "/root/snap/work_directory/kirilichikbotgavna/tgbot_template/venv/lib/python3.8/site-packages/aiogram/dispatcher/handler.py", line 100, in notify
    await self.dispatcher.middleware.trigger(f"pre_process_{self.middleware_key}", args + (data,))
  File "/root/snap/work_directory/kirilichikbotgavna/tgbot_template/venv/lib/python3.8/site-packages/aiogram/dispatcher/middlewares.py", line 53, in trigger
    await app.trigger(action, args)
  File "/root/snap/work_directory/kirilichikbotgavna/tgbot_template/venv/lib/python3.8/site-packages/aiogram/dispatcher/middlewares.py", line 106, in trigger
    await handler(*args)
  File "/root/snap/work_directory/kirilichikbotgavna/tgbot_template/tgbot/middlewares/throttling.py", line 40, in on_pre_process_update
    await estimate_companion(update.callback_query, None, call_data.split(':')[1])
  File "/root/snap/work_directory/kirilichikbotgavna/tgbot_template/tgbot/handlers/anonym_chat.py", line 246, in estimate_companion
    bot[message.from_user.id]['is_react_companion'] = True
  File "/root/snap/work_directory/kirilichikbotgavna/tgbot_template/venv/lib/python3.8/site-packages/aiogram/utils/mixins.py", line 17, in __getitem__
    return self.data[item]
KeyError: 5759564911
base_events.py:1707 #ERROR    [2022-11-25 17:11:22,063] - asyncio - Task exception was never retrieved
future: <Task finished name='Task-42245' coro=<Dispatcher._process_polling_updates() done, defined at /root/snap/work_directory/kirilichikbotgavna/tgbot_template/venv/lib/python3.8/site-packages/aiogram/dispatcher/dispatcher.py:407> exception=BotBlocked('Forbidden: bot was blocked by the user')>
Traceback (most recent call last):
  File "/root/snap/work_directory/kirilichikbotgavna/tgbot_template/venv/lib/python3.8/site-packages/aiogram/dispatcher/dispatcher.py", line 415, in _process_polling_updates
    for responses in itertools.chain.from_iterable(await self.process_updates(updates, fast)):
  File "/root/snap/work_directory/kirilichikbotgavna/tgbot_template/venv/lib/python3.8/site-packages/aiogram/dispatcher/dispatcher.py", line 235, in process_updates
    return await asyncio.gather(*tasks)
  File "/root/snap/work_directory/kirilichikbotgavna/tgbot_template/venv/lib/python3.8/site-packages/aiogram/dispatcher/handler.py", line 116, in notify
    response = await handler_obj.handler(*args, **partial_data)
  File "/root/snap/work_directory/kirilichikbotgavna/tgbot_template/venv/lib/python3.8/site-packages/aiogram/dispatcher/dispatcher.py", line 256, in process_update
    return await self.message_handlers.notify(update.message)
  File "/root/snap/work_directory/kirilichikbotgavna/tgbot_template/venv/lib/python3.8/site-packages/aiogram/dispatcher/handler.py", line 116, in notify
    response = await handler_obj.handler(*args, **partial_data)
  File "/root/snap/work_directory/kirilichikbotgavna/tgbot_template/tgbot/handlers/echo.py", line 72, in bot_echo
    await bot.copy_message(active_chat['user_id'], message.from_user.id, message.message_id)
  File "/root/snap/work_directory/kirilichikbotgavna/tgbot_template/venv/lib/python3.8/site-packages/aiogram/bot/bot.py", line 467, in copy_message
    result = await self.request(api.Methods.COPY_MESSAGE, payload)
  File "/root/snap/work_directory/kirilichikbotgavna/tgbot_template/venv/lib/python3.8/site-packages/aiogram/bot/base.py", line 236, in request
    return await api.make_request(await self.get_session(), self.server, self.__token, method, data, files,
  File "/root/snap/work_directory/kirilichikbotgavna/tgbot_template/venv/lib/python3.8/site-packages/aiogram/bot/api.py", line 140, in make_request
    return check_result(method, response.content_type, response.status, await response.text())
  File "/root/snap/work_directory/kirilichikbotgavna/tgbot_template/venv/lib/python3.8/site-packages/aiogram/bot/api.py", line 121, in check_result
    exceptions.Unauthorized.detect(description)
  File "/root/snap/work_directory/kirilichikbotgavna/tgbot_template/venv/lib/python3.8/site-packages/aiogram/utils/exceptions.py", line 140, in detect
    raise err(cls.text or description)
aiogram.utils.exceptions.BotBlocked: Forbidden: bot was blocked by the user
